2024-07-26 15:26:25,198 - error_logger - ERROR - COULD NOT LOCATE SEARCH BAR
Traceback (most recent call last):
  File "C:\Users\localadmin\AppData\Local\Temp\ipykernel_31084\83051504.py", line 30, in job_search
    location_input = driver.find_element("xpath" , ".//input[@class = 'jobs-search-box__text-input' and @autocomplete=  'address-level2']")
                     ^^^^^^^^^^^^^^^^^^^^^^^^^^^^^^^^^^^^^^^^^^^^^^^^^^^^^^^^^^^^^^^^^^^^^^^^^^^^^^^^^^^^^^^^^^^^^^^^^^^^^^^^^^^^^^^^^^^^^^
  File "c:\Users\localadmin\Desktop\myprojects\linkedinsucks\linkedinbot_venv\Lib\site-packages\selenium\webdriver\remote\webdriver.py", line 748, in find_element
    return self.execute(Command.FIND_ELEMENT, {"using": by, "value": value})["value"]
           ^^^^^^^^^^^^^^^^^^^^^^^^^^^^^^^^^^^^^^^^^^^^^^^^^^^^^^^^^^^^^^^^^
  File "c:\Users\localadmin\Desktop\myprojects\linkedinsucks\linkedinbot_venv\Lib\site-packages\selenium\webdriver\remote\webdriver.py", line 354, in execute
    self.error_handler.check_response(response)
  File "c:\Users\localadmin\Desktop\myprojects\linkedinsucks\linkedinbot_venv\Lib\site-packages\selenium\webdriver\remote\errorhandler.py", line 229, in check_response
    raise exception_class(message, screen, stacktrace)
selenium.common.exceptions.NoSuchElementException: Message: no such element: Unable to locate element: {"method":"xpath","selector":".//input[@class = 'jobs-search-box__text-input' and @autocomplete=  'address-level2']"}
  (Session info: MicrosoftEdge=126.0.2592.113); For documentation on this error, please visit: https://www.selenium.dev/documentation/webdriver/troubleshooting/errors#no-such-element-exception
Stacktrace:
	GetHandleVerifier [0x00007FF746958132+13538]
	Microsoft::Applications::Events::EventProperty::~EventProperty [0x00007FF7468E1DE9+595465]
	(No symbol) [0x00007FF7466FE6CF]
	(No symbol) [0x00007FF746742960]
	(No symbol) [0x00007FF746742A1F]
	(No symbol) [0x00007FF74677D627]
	(No symbol) [0x00007FF74676203F]
	(No symbol) [0x00007FF746738147]
	(No symbol) [0x00007FF74677B1EE]
	(No symbol) [0x00007FF746761C63]
	(No symbol) [0x00007FF74673766E]
	(No symbol) [0x00007FF74673683C]
	(No symbol) [0x00007FF746737221]
	Microsoft::Applications::Events::EventProperty::to_string [0x00007FF746B196D4+1099860]
	Microsoft::Applications::Events::EventProperty::~EventProperty [0x00007FF74685D8FC+53532]
	Microsoft::Applications::Events::EventProperty::~EventProperty [0x00007FF746850E25+1605]
	Microsoft::Applications::Events::EventProperty::to_string [0x00007FF746B18665+1095653]
	Microsoft::Applications::Events::ILogConfiguration::operator* [0x00007FF7468EC961+27777]
	Microsoft::Applications::Events::ILogConfiguration::operator* [0x00007FF7468E6CE4+4100]
	Microsoft::Applications::Events::ILogConfiguration::operator* [0x00007FF7468E6E1B+4411]
	Microsoft::Applications::Events::EventProperty::~EventProperty [0x00007FF7468DCFA0+575424]
	BaseThreadInitThunk [0x00007FFA665C257D+29]
	RtlUserThreadStart [0x00007FFA67D0AF28+40]

2024-08-04 18:45:33,230 - error_logger - ERROR - COULD NOT LOCATE SEARCH BAR
Traceback (most recent call last):
  File "C:\Users\localadmin\AppData\Local\Temp\ipykernel_1284\83051504.py", line 30, in job_search
    location_input = driver.find_element("xpath" , ".//input[@class = 'jobs-search-box__text-input' and @autocomplete=  'address-level2']")
                     ^^^^^^^^^^^^^^^^^^^^^^^^^^^^^^^^^^^^^^^^^^^^^^^^^^^^^^^^^^^^^^^^^^^^^^^^^^^^^^^^^^^^^^^^^^^^^^^^^^^^^^^^^^^^^^^^^^^^^^
  File "c:\Users\localadmin\Desktop\myprojects\linkedinsucks\linkedinbot_venv\Lib\site-packages\selenium\webdriver\remote\webdriver.py", line 748, in find_element
    return self.execute(Command.FIND_ELEMENT, {"using": by, "value": value})["value"]
           ^^^^^^^^^^^^^^^^^^^^^^^^^^^^^^^^^^^^^^^^^^^^^^^^^^^^^^^^^^^^^^^^^
  File "c:\Users\localadmin\Desktop\myprojects\linkedinsucks\linkedinbot_venv\Lib\site-packages\selenium\webdriver\remote\webdriver.py", line 354, in execute
    self.error_handler.check_response(response)
  File "c:\Users\localadmin\Desktop\myprojects\linkedinsucks\linkedinbot_venv\Lib\site-packages\selenium\webdriver\remote\errorhandler.py", line 229, in check_response
    raise exception_class(message, screen, stacktrace)
selenium.common.exceptions.NoSuchElementException: Message: no such element: Unable to locate element: {"method":"xpath","selector":".//input[@class = 'jobs-search-box__text-input' and @autocomplete=  'address-level2']"}
  (Session info: MicrosoftEdge=127.0.2651.86); For documentation on this error, please visit: https://www.selenium.dev/documentation/webdriver/troubleshooting/errors#no-such-element-exception
Stacktrace:
	GetHandleVerifier [0x00007FF7A1A18132+13538]
	Microsoft::Applications::Events::EventProperty::~EventProperty [0x00007FF7A19A1DE9+595465]
	(No symbol) [0x00007FF7A17BE6CF]
	(No symbol) [0x00007FF7A1802960]
	(No symbol) [0x00007FF7A1802A1F]
	(No symbol) [0x00007FF7A183D627]
	(No symbol) [0x00007FF7A182203F]
	(No symbol) [0x00007FF7A17F8147]
	(No symbol) [0x00007FF7A183B1EE]
	(No symbol) [0x00007FF7A1821C63]
	(No symbol) [0x00007FF7A17F766E]
	(No symbol) [0x00007FF7A17F683C]
	(No symbol) [0x00007FF7A17F7221]
	Microsoft::Applications::Events::EventProperty::to_string [0x00007FF7A1BD96D4+1099860]
	Microsoft::Applications::Events::EventProperty::~EventProperty [0x00007FF7A191D8FC+53532]
	Microsoft::Applications::Events::EventProperty::~EventProperty [0x00007FF7A1910E25+1605]
	Microsoft::Applications::Events::EventProperty::to_string [0x00007FF7A1BD8665+1095653]
	Microsoft::Applications::Events::ILogConfiguration::operator* [0x00007FF7A19AC961+27777]
	Microsoft::Applications::Events::ILogConfiguration::operator* [0x00007FF7A19A6CE4+4100]
	Microsoft::Applications::Events::ILogConfiguration::operator* [0x00007FF7A19A6E1B+4411]
	Microsoft::Applications::Events::EventProperty::~EventProperty [0x00007FF7A199CFA0+575424]
	BaseThreadInitThunk [0x00007FF8D3FF257D+29]
	RtlUserThreadStart [0x00007FF8D55CAF28+40]

